<?xml version="1.0" encoding="UTF-8"?>
<testsuite name="LibraryTest" tests="1" skipped="0" failures="0" errors="0" timestamp="2019-05-02T15:50:07" hostname="CAPMX-EC1838" time="0.022">
  <properties/>
  <testcase name="testSomeLibraryMethod" classname="LibraryTest" time="0.022"/>
  <system-out><![CDATA[Hello World!
]]></system-out>
  <system-err><![CDATA[]]></system-err>
</testsuite>
